0 info it worked if it ends with ok
1 verbose cli [ '/usr/local/bin/node',
1 verbose cli   '/usr/local/bin/npm',
1 verbose cli   'install',
1 verbose cli   'live-server',
1 verbose cli   '-g' ]
2 info using npm@2.14.20
3 info using node@v4.4.0
4 verbose install initial load of /usr/local/lib/package.json
5 verbose readDependencies loading dependencies from /usr/local/lib/package.json
6 silly cache add args [ 'live-server', null ]
7 verbose cache add spec live-server
8 silly cache add parsed spec Result {
8 silly cache add   raw: 'live-server',
8 silly cache add   scope: null,
8 silly cache add   name: 'live-server',
8 silly cache add   rawSpec: '',
8 silly cache add   spec: 'latest',
8 silly cache add   type: 'tag' }
9 silly addNamed live-server@latest
10 verbose addNamed "latest" is being treated as a dist-tag for live-server
11 info addNameTag [ 'live-server', 'latest' ]
12 silly mapToRegistry name live-server
13 silly mapToRegistry using default registry
14 silly mapToRegistry registry https://registry.npmjs.org/
15 silly mapToRegistry uri https://registry.npmjs.org/live-server
16 verbose addNameTag registry:https://registry.npmjs.org/live-server not in flight; fetching
17 verbose request uri https://registry.npmjs.org/live-server
18 verbose request no auth needed
19 info attempt registry request try #1 at 12:15:35 PM
20 verbose request id 226bbabb400be372
21 http request GET https://registry.npmjs.org/live-server
22 http 200 https://registry.npmjs.org/live-server
23 verbose headers { server: 'CouchDB/1.5.0 (Erlang OTP/R16B03)',
23 verbose headers   etag: '"E94PIEQUN5U0TBQP04GPN2GNH"',
23 verbose headers   'content-type': 'application/json',
23 verbose headers   'cache-control': 'max-age=300',
23 verbose headers   'content-length': '31981',
23 verbose headers   'accept-ranges': 'bytes',
23 verbose headers   date: 'Thu, 07 Apr 2016 18:15:35 GMT',
23 verbose headers   via: '1.1 varnish',
23 verbose headers   age: '0',
23 verbose headers   connection: 'keep-alive',
23 verbose headers   'x-served-by': 'cache-dfw1831-DFW',
23 verbose headers   'x-cache': 'HIT',
23 verbose headers   'x-cache-hits': '1',
23 verbose headers   'x-timer': 'S1460052935.290632,VS0,VE189',
23 verbose headers   vary: 'Accept-Encoding' }
24 silly get cb [ 200,
24 silly get   { server: 'CouchDB/1.5.0 (Erlang OTP/R16B03)',
24 silly get     etag: '"E94PIEQUN5U0TBQP04GPN2GNH"',
24 silly get     'content-type': 'application/json',
24 silly get     'cache-control': 'max-age=300',
24 silly get     'content-length': '31981',
24 silly get     'accept-ranges': 'bytes',
24 silly get     date: 'Thu, 07 Apr 2016 18:15:35 GMT',
24 silly get     via: '1.1 varnish',
24 silly get     age: '0',
24 silly get     connection: 'keep-alive',
24 silly get     'x-served-by': 'cache-dfw1831-DFW',
24 silly get     'x-cache': 'HIT',
24 silly get     'x-cache-hits': '1',
24 silly get     'x-timer': 'S1460052935.290632,VS0,VE189',
24 silly get     vary: 'Accept-Encoding' } ]
25 verbose get saving live-server to /Users/samobarr/.npm/registry.npmjs.org/live-server/.cache.json
26 verbose correctMkdir /Users/samobarr/.npm correctMkdir not in flight; initializing
27 silly addNameTag next cb for live-server with tag latest
28 silly addNamed live-server@0.9.2
29 verbose addNamed "0.9.2" is a plain semver version for live-server
30 silly mapToRegistry name live-server
31 silly mapToRegistry using default registry
32 silly mapToRegistry registry https://registry.npmjs.org/
33 silly mapToRegistry uri https://registry.npmjs.org/live-server
34 verbose addRemoteTarball https://registry.npmjs.org/live-server/-/live-server-0.9.2.tgz not in flight; adding
35 verbose addRemoteTarball [ 'https://registry.npmjs.org/live-server/-/live-server-0.9.2.tgz',
35 verbose addRemoteTarball   '8bcb58e846331f3f2b6d172f95d4f70a4fcf3760' ]
36 info retry fetch attempt 1 at 12:15:35 PM
37 info attempt registry request try #1 at 12:15:35 PM
38 http fetch GET https://registry.npmjs.org/live-server/-/live-server-0.9.2.tgz
39 http fetch 200 https://registry.npmjs.org/live-server/-/live-server-0.9.2.tgz
40 silly fetchAndShaCheck shasum 8bcb58e846331f3f2b6d172f95d4f70a4fcf3760
41 verbose addTmpTarball /var/folders/6c/c_t7wdc91491cr7_zh6f5y0c0000gp/T/npm-871-5721b4a7/registry.npmjs.org/live-server/-/live-server-0.9.2.tgz not in flight; adding
42 verbose addTmpTarball already have metadata; skipping unpack for live-server@0.9.2
43 verbose correctMkdir /Users/samobarr/.npm correctMkdir not in flight; initializing
44 silly cache afterAdd live-server@0.9.2
45 verbose afterAdd /Users/samobarr/.npm/live-server/0.9.2/package/package.json not in flight; writing
46 verbose correctMkdir /Users/samobarr/.npm correctMkdir not in flight; initializing
47 verbose afterAdd /Users/samobarr/.npm/live-server/0.9.2/package/package.json written
48 silly install resolved [ { name: 'live-server',
48 silly install resolved     version: '0.9.2',
48 silly install resolved     description: 'simple development http server with live reload capability',
48 silly install resolved     keywords: [ 'front-end', 'development', 'tool', 'server', 'http', 'cli' ],
48 silly install resolved     author: { name: 'Tapio Vierros' },
48 silly install resolved     dependencies:
48 silly install resolved      { colors: 'latest',
48 silly install resolved        connect: '3.4.x',
48 silly install resolved        'serve-index': '^1.7.2',
48 silly install resolved        morgan: '^1.6.1',
48 silly install resolved        'event-stream': 'latest',
48 silly install resolved        'faye-websocket': '0.10.x',
48 silly install resolved        'object-assign': 'latest',
48 silly install resolved        opn: 'latest',
48 silly install resolved        send: 'latest',
48 silly install resolved        watchr: '2.3.x' },
48 silly install resolved     devDependencies: { mocha: '^2.3.3', supertest: '^1.0.1' },
48 silly install resolved     scripts:
48 silly install resolved      { lint: 'jshint *.js; eslint *.js',
48 silly install resolved        test: 'npm run lint && mocha test' },
48 silly install resolved     bin: { 'live-server': './live-server.js' },
48 silly install resolved     repository: { type: 'git', url: 'https://github.com/tapio/live-server.git' },
48 silly install resolved     engines: { node: '>=0.10.0' },
48 silly install resolved     preferGlobal: true,
48 silly install resolved     license: 'MIT',
48 silly install resolved     eslintConfig: { env: [Object], rules: [Object] },
48 silly install resolved     gitHead: '9b303b31234e8fa6e5dc3bbebab9ff02d1fc7760',
48 silly install resolved     bugs: { url: 'https://github.com/tapio/live-server/issues' },
48 silly install resolved     _id: 'live-server@0.9.2',
48 silly install resolved     _shasum: '8bcb58e846331f3f2b6d172f95d4f70a4fcf3760',
48 silly install resolved     _from: 'live-server@latest',
48 silly install resolved     _npmVersion: '1.4.21',
48 silly install resolved     _npmUser: { name: 'tapio', email: 'tapiovierros@gmail.com' },
48 silly install resolved     maintainers: [ [Object] ],
48 silly install resolved     dist:
48 silly install resolved      { shasum: '8bcb58e846331f3f2b6d172f95d4f70a4fcf3760',
48 silly install resolved        tarball: 'https://registry.npmjs.org/live-server/-/live-server-0.9.2.tgz' },
48 silly install resolved     _npmOperationalInternal:
48 silly install resolved      { host: 'packages-9-west.internal.npmjs.com',
48 silly install resolved        tmp: 'tmp/live-server-0.9.2.tgz_1455644619913_0.7115735381375998' },
48 silly install resolved     directories: {},
48 silly install resolved     _resolved: 'https://registry.npmjs.org/live-server/-/live-server-0.9.2.tgz' } ]
49 info install live-server@0.9.2 into /usr/local/lib
50 info installOne live-server@0.9.2
51 verbose installOne of live-server to /usr/local/lib not in flight; installing
52 verbose correctMkdir /Users/samobarr/.npm/_locks correctMkdir not in flight; initializing
53 verbose lock using /Users/samobarr/.npm/_locks/live-server-1932c27c2adeb129.lock for /usr/local/lib/node_modules/live-server
54 silly install write writing live-server 0.9.2 to /usr/local/lib/node_modules/live-server
55 verbose unbuild lib/node_modules/live-server
56 silly gentlyRm /usr/local/lib/node_modules/live-server is being purged from base /usr/local
57 verbose gentlyRm don't care about contents; nuking /usr/local/lib/node_modules/live-server
58 verbose tar unpack /Users/samobarr/.npm/live-server/0.9.2/package.tgz
59 verbose tar unpacking to /usr/local/lib/node_modules/live-server
60 silly gentlyRm /usr/local/lib/node_modules/live-server is being purged
61 verbose gentlyRm don't care about contents; nuking /usr/local/lib/node_modules/live-server
62 silly gunzTarPerm modes [ '755', '644' ]
63 error tar.unpack untar error /Users/samobarr/.npm/live-server/0.9.2/package.tgz
64 verbose unlock done using /Users/samobarr/.npm/_locks/live-server-1932c27c2adeb129.lock for /usr/local/lib/node_modules/live-server
65 verbose fstream_path /usr/local/lib/node_modules/live-server
66 verbose fstream_type Directory
67 verbose fstream_class DirWriter
68 verbose stack Error: EACCES: permission denied, mkdir '/usr/local/lib/node_modules/live-server'
68 verbose stack     at Error (native)
69 verbose fstream_stack /usr/local/lib/node_modules/npm/node_modules/fstream/lib/dir-writer.js:35:25
69 verbose fstream_stack /usr/local/lib/node_modules/npm/node_modules/mkdirp/index.js:47:53
69 verbose fstream_stack FSReqWrap.oncomplete (fs.js:82:15)
70 verbose cwd /Users/samobarr/Desktop/DevMountain/mini-userProfiles3
71 error Darwin 14.5.0
72 error argv "/usr/local/bin/node" "/usr/local/bin/npm" "install" "live-server" "-g"
73 error node v4.4.0
74 error npm  v2.14.20
75 error path /usr/local/lib/node_modules/live-server
76 error code EACCES
77 error errno -13
78 error syscall mkdir
79 error Error: EACCES: permission denied, mkdir '/usr/local/lib/node_modules/live-server'
79 error     at Error (native)
79 error  { [Error: EACCES: permission denied, mkdir '/usr/local/lib/node_modules/live-server']
79 error   errno: -13,
79 error   code: 'EACCES',
79 error   syscall: 'mkdir',
79 error   path: '/usr/local/lib/node_modules/live-server',
79 error   fstream_type: 'Directory',
79 error   fstream_path: '/usr/local/lib/node_modules/live-server',
79 error   fstream_class: 'DirWriter',
79 error   fstream_stack:
79 error    [ '/usr/local/lib/node_modules/npm/node_modules/fstream/lib/dir-writer.js:35:25',
79 error      '/usr/local/lib/node_modules/npm/node_modules/mkdirp/index.js:47:53',
79 error      'FSReqWrap.oncomplete (fs.js:82:15)' ] }
80 error Please try running this command again as root/Administrator.
81 verbose exit [ -13, true ]
82 verbose unbuild lib/node_modules/live-server
83 silly gentlyRm /usr/local/lib/node_modules/live-server is being purged from base /usr/local
84 verbose gentlyRm don't care about contents; nuking /usr/local/lib/node_modules/live-server
